[2022-07-22 17:04:02] ===== RUN INFORMATION =====
[2022-07-22 17:04:02] ViralMSA Version: 1.1.22
[2022-07-22 17:04:02] Sequences: /home/niema/SARS-CoV-2-Primer-Design/data/consensus_sequences_2022-07-22.fasta
[2022-07-22 17:04:02] Reference: NC_045512
[2022-07-22 17:04:02] Email Address: niemamoshiri@gmail.com
[2022-07-22 17:04:02] Output Directory: /home/niema/SARS-CoV-2-Primer-Design/data/viralmsa_out
[2022-07-22 17:04:02] Aligner: minimap2
[2022-07-22 17:04:02] ViralMSA Cache Directory: /home/niema/.viralmsa
[2022-07-22 17:04:02] 
[2022-07-22 17:04:02] ===== REFERENCE GENOME =====
[2022-07-22 17:04:02] Downloading reference genome from NCBI...
[2022-07-22 17:04:03] Reference genome downloaded: /home/niema/.viralmsa/NC_045512/NC_045512.fas
[2022-07-22 17:04:03] Building Minimap2 index: minimap2 -t 8 -d /home/niema/.viralmsa/NC_045512/NC_045512.fas.mmi /home/niema/.viralmsa/NC_045512/NC_045512.fas
[2022-07-22 17:04:03] Minimap2 index built: /home/niema/.viralmsa/NC_045512/NC_045512.fas.mmi
[2022-07-22 17:04:03] 
[2022-07-22 17:04:03] ===== ALIGNMENT =====
[2022-07-22 17:04:03] Aligning using Minimap2: minimap2 -t 8 --score-N=0 --secondary=no --sam-hit-only -a -o /home/niema/SARS-CoV-2-Primer-Design/data/viralmsa_out/consensus_sequences_2022-07-22.fasta.sam /home/niema/.viralmsa/NC_045512/NC_045512.fas.mmi /home/niema/SARS-CoV-2-Primer-Design/data/consensus_sequences_2022-07-22.fasta
[2022-07-22 17:07:01] Minimap2 alignment complete: /home/niema/SARS-CoV-2-Primer-Design/data/viralmsa_out/consensus_sequences_2022-07-22.fasta.sam
[2022-07-22 17:07:01] Converting alignment to FASTA...
[2022-07-22 17:07:07] Multiple sequence alignment complete: /home/niema/SARS-CoV-2-Primer-Design/data/viralmsa_out/consensus_sequences_2022-07-22.fasta.aln
[2022-07-22 17:07:07] WARNING: Some sequences from the input are missing from the output. Perhaps try a different aligner or reference genome?
[2022-07-22 17:07:07] 
[2022-07-22 17:07:07] ===== CITATIONS =====
[2022-07-22 17:07:07] ViralMSA: Moshiri N (2021). "ViralMSA: Massively scalable reference-guided multiple sequence alignment of viral genomes." Bioinformatics. 37(5):714–716. doi:10.1093/bioinformatics/btaa743
[2022-07-22 17:07:07] Minimap2: Li H (2018). "Minimap2: pairwise alignment for nucleotide sequences." Bioinformatics. 34(18):3094-3100. doi:10.1093/bioinformatics/bty191
